[00:00:29] [Server thread/WARN]: pepe216 moved too quickly! -8.35327758580047,-5.733632006042484,-1.0940274168585802
[00:02:14] [Async Chat Thread - #16/INFO]: [Not Secure] <pepe216> habemus sweeping edge
[00:02:22] [Async Chat Thread - #17/INFO]: [Not Secure] <ebner> nasi caminito
[00:02:27] [Async Chat Thread - #16/INFO]: [Not Secure] <pepe216> y smite 4
[00:02:27] [Async Chat Thread - #17/INFO]: [Not Secure] <ebner> nasi terreno
[00:02:33] [Async Chat Thread - #16/INFO]: [Not Secure] <ebner> baja y fijate que se siente god
[00:02:40] [Async Chat Thread - #17/INFO]: [Not Secure] <pepe216> voy
[00:02:46] [Async Chat Thread - #16/INFO]: [Not Secure] <pepe216> me canto los prox aldeanos
[00:02:52] [Async Chat Thread - #17/INFO]: [Not Secure] <ebner> oka
[00:02:58] [Async Chat Thread - #16/INFO]: [Not Secure] <ebner> saca los que estan ahi si queres
[00:03:01] [Async Chat Thread - #17/INFO]: [Not Secure] <ebner> ah no
[00:03:02] [Async Chat Thread - #16/INFO]: [Not Secure] <ebner> para
[00:03:07] [Async Chat Thread - #17/INFO]: [Not Secure] <ebner> hago otro breader aca y listo
[00:03:12] [Async Chat Thread - #16/INFO]: [Not Secure] <ebner> necesito 2
[00:03:16] [Async Chat Thread - #17/INFO]: [Not Secure] <pepe216> oki
[00:03:38] [Async Chat Thread - #16/INFO]: [Not Secure] <pepe216> god caminito y terrenito
[00:03:41] [Async Chat Thread - #17/INFO]: [Not Secure] <ebner> god
[00:07:26] [Async Chat Thread - #19/INFO]: [Not Secure] <ebner> dormi
[00:07:42] [Async Chat Thread - #18/INFO]: [Not Secure] <pepe216> xd
[00:07:46] [Async Chat Thread - #19/INFO]: [Not Secure] <ebner> pelotudo
[00:07:51] [Async Chat Thread - #18/INFO]: [Not Secure] <ebner> tengo una mas grande
[00:07:53] [Async Chat Thread - #19/INFO]: [Not Secure] <ebner> gil
[00:08:06] [Async Chat Thread - #18/INFO]: [Not Secure] <pepe216> sisis lo que digas imbecil
[00:08:12] [Async Chat Thread - #19/INFO]: [Not Secure] <ebner> lag
[00:18:28] [Async Chat Thread - #20/INFO]: [Not Secure] <pepe216> a mimir
[00:18:32] [Async Chat Thread - #21/INFO]: [Not Secure] <ebner> estoy
[00:21:15] [Async Chat Thread - #22/INFO]: [Not Secure] <ebner> che
[00:21:17] [Async Chat Thread - #23/INFO]: [Not Secure] <ebner> mending?
[00:21:25] [Async Chat Thread - #22/INFO]: [Not Secure] <pepe216> nopo
[00:21:38] [Async Chat Thread - #23/INFO]: [Not Secure] <ebner> fijate si estas seguro que puede salir
[00:21:41] [Async Chat Thread - #22/INFO]: [Not Secure] <pepe216> ta timido
[00:21:53] [Async Chat Thread - #23/INFO]: [Not Secure] <pepe216> me fije, en esta version puede salir xd
[00:29:16] [Async Chat Thread - #24/INFO]: [Not Secure] <ebner> dormi porf
[00:29:26] [Async Chat Thread - #25/INFO]: [Not Secure] <ebner> me matan un aldeano y me fusilo
[00:29:35] [Async Chat Thread - #24/INFO]: [Not Secure] <pepe216> yendo
[00:29:46] [Async Chat Thread - #25/INFO]: [Not Secure] <ebner> tenes un pibe en el hueco ese de aldeanos
[00:29:48] [Async Chat Thread - #24/INFO]: [Not Secure] <ebner> usalo si queres
[00:29:58] [Async Chat Thread - #25/INFO]: [Not Secure] <pepe216> ya saque 3 del breader
[00:30:04] [Async Chat Thread - #25/INFO]: [Not Secure] <pepe216> thx
[00:36:20] [Async Chat Thread - #26/INFO]: [Not Secure] <pepe216> che donde taban los minerales
[00:43:59] [Async Chat Thread - #28/INFO]: [Not Secure] <ebner> afk?
[00:44:08] [Async Chat Thread - #29/INFO]: [Not Secure] <ebner> le vas a pegar al pibe
[00:44:11] [Async Chat Thread - #28/INFO]: [Not Secure] <pepe216> no
[00:44:16] [Async Chat Thread - #29/INFO]: [Not Secure] <pepe216> soy bueno
[00:44:22] [Async Chat Thread - #28/INFO]: [Not Secure] <ebner> nanananana
[00:44:24] [Async Chat Thread - #29/INFO]: [Not Secure] <ebner> facherardo
[00:44:40] [Async Chat Thread - #28/INFO]: [Not Secure] <pepe216> necesitas libros?
[00:44:43] [Async Chat Thread - #29/INFO]: [Not Secure] <ebner> no
[00:44:56] [Async Chat Thread - #28/INFO]: [Not Secure] <pepe216> mimis?
[00:45:09] [Async Chat Thread - #29/INFO]: [Not Secure] <ebner> no tengo cama xd
[00:45:21] [Async Chat Thread - #28/INFO]: [Not Secure] <ebner> westoy
[00:45:23] [Server thread/INFO]: ebner was shot by pepe216
[00:45:29] [Async Chat Thread - #29/INFO]: [Not Secure] <pepe216> tajajajajaj
[00:45:32] [Async Chat Thread - #28/INFO]: [Not Secure] <ebner> menos mal que aprete la cama
[00:45:38] [Async Chat Thread - #29/INFO]: [Not Secure] <ebner> mis niveles f
[00:45:40] [Async Chat Thread - #28/INFO]: [Not Secure] <ebner> 34
[00:45:47] [Async Chat Thread - #29/INFO]: [Not Secure] <pepe216> nooooooooo
[00:45:56] [Async Chat Thread - #28/INFO]: [Not Secure] <pepe216> disculpa
[00:46:02] [Async Chat Thread - #29/INFO]: [Not Secure] <ebner> che
[00:46:06] [Async Chat Thread - #28/INFO]: [Not Secure] <pepe216> dime
[00:46:07] [Async Chat Thread - #29/INFO]: [Not Secure] <ebner> cual granja hago?
[00:46:10] [Async Chat Thread - #28/INFO]: [Not Secure] <ebner> citala en wsp
[00:46:26] [Async Chat Thread - #29/INFO]: [Not Secure] <pepe216> ta
[00:46:39] [Async Chat Thread - #29/INFO]: [Not Secure] <ebner> tenes cobble?
[00:48:32] [Async Chat Thread - #30/INFO]: [Not Secure] <pepe216> no
[00:48:36] [Async Chat Thread - #31/INFO]: [Not Secure] <ebner> que
[00:48:38] [Async Chat Thread - #30/INFO]: [Not Secure] <ebner> ah oka
[00:48:39] [Async Chat Thread - #31/INFO]: [Not Secure] <pepe216> tengo piedra
[00:48:48] [Async Chat Thread - #30/INFO]: [Not Secure] <pepe216> tipo 2stck
[00:49:02] [Async Chat Thread - #31/INFO]: [Not Secure] <ebner> oka
[00:49:06] [Async Chat Thread - #30/INFO]: [Not Secure] <ebner> metela al horno de arriba
[00:49:16] [Async Chat Thread - #31/INFO]: [Not Secure] <pepe216> pero piedra lisa
[00:49:24] [Async Chat Thread - #30/INFO]: [Not Secure] <ebner> esa necesito
[00:49:32] [Async Chat Thread - #31/INFO]: [Not Secure] <pepe216> `stone
[00:50:26] [Async Chat Thread - #30/INFO]: [Not Secure] <pepe216> te la puse
[00:50:31] [Async Chat Thread - #31/INFO]: [Not Secure] <pepe216> ;)
[00:50:34] [Async Chat Thread - #30/INFO]: [Not Secure] <ebner> noooooo
[00:52:49] [Async Chat Thread - #32/INFO]: [Not Secure] <ebner> noooooo
[00:52:52] [Async Chat Thread - #33/INFO]: [Not Secure] <ebner> me olvide la comida
[00:52:57] [Async Chat Thread - #32/INFO]: [Not Secure] <pepe216> f
[00:53:14] [Async Chat Thread - #33/INFO]: [Not Secure] <pepe216> igual yo tmp tengo
[00:53:17] [Async Chat Thread - #32/INFO]: [Not Secure] <pepe216> voy yo
[00:54:37] [Server thread/INFO]: Villager EntityVillager['Villager'/16043, l='ServerLevel[world]', x=1905.75, y=124.00, z=-1261.42] died, message: 'Villager was slain by ebner'
[00:56:13] [Async Chat Thread - #34/INFO]: [Not Secure] <pepe216> AMIMIR
[00:56:19] [Async Chat Thread - #35/INFO]: [Not Secure] <pepe216> disculpa t grito
[00:56:28] [Async Chat Thread - #34/INFO]: [Not Secure] <ebner> voy al ba単o
[00:56:30] [Async Chat Thread - #35/INFO]: [Not Secure] <pepe216> tengo chuletas y pan ahora t llevo
[00:56:34] [Async Chat Thread - #34/INFO]: [Not Secure] <pepe216> oki
[00:58:37] [Async Chat Thread - #36/INFO]: [Not Secure] <ebner> grasi
[00:58:39] [Async Chat Thread - #37/INFO]: [Not Secure] <ebner> a
[00:58:45] [Async Chat Thread - #36/INFO]: [Not Secure] <pepe216> ;)
[00:59:04] [Async Chat Thread - #37/INFO]: [Not Secure] <ebner> tenes hierro?
[00:59:11] [Async Chat Thread - #36/INFO]: [Not Secure] <ebner> onda 9 hoppers?
[00:59:15] [Async Chat Thread - #37/INFO]: [Not Secure] <pepe216> no
[00:59:17] [Async Chat Thread - #36/INFO]: [Not Secure] <ebner> 9+
[00:59:19] [Async Chat Thread - #37/INFO]: [Not Secure] <ebner> f
[00:59:23] [Async Chat Thread - #36/INFO]: [Not Secure] <pepe216> 19 hierro
[00:59:41] [Async Chat Thread - #37/INFO]: [Not Secure] <pepe216> 55 total
[01:00:15] [Async Chat Thread - #36/INFO]: [Not Secure] <ebner> grax
[01:01:12] [Server thread/WARN]: Player pepe216 just tried to change non-editable sign
[01:02:01] [Async Chat Thread - #38/INFO]: [Not Secure] <ebner> no hay ningun desert por aca no?
[01:02:08] [Async Chat Thread - #39/INFO]: [Not Secure] <pepe216> te lo locateo
[01:02:18] [Async Chat Thread - #38/INFO]: [Not Secure] <ebner> decime
[01:02:18] [Server thread/INFO]: pepe216 issued server command: /locate biome minecraft:desert
[01:02:24] [Server thread/INFO]: Locating element minecraft:desert took 6150 ms
[01:02:24] [Server thread/WARN]: Can't keep up! Is the server overloaded? Running 6157ms or 123 ticks behind
[01:02:24] [Server thread/WARN]: ebner moved too quickly! -19.677378371295617,5.249187078744683,-2.1416602050421716
[01:02:44] [Async Chat Thread - #39/INFO]: [Not Secure] <pepe216> 4400 , , -6400
[01:02:48] [Async Chat Thread - #38/INFO]: [Not Secure] <pepe216> nada cerca
[01:02:48] [Async Chat Thread - #39/INFO]: [Not Secure] <ebner> culeado
[01:03:13] [Async Chat Thread - #38/INFO]: [Not Secure] <ebner> me tepeas ahi?
[01:03:19] [Async Chat Thread - #39/INFO]: [Not Secure] <ebner> aguanta igual
[01:05:56] [Async Chat Thread - #40/INFO]: [Not Secure] <ebner> me tp?
[01:06:00] [Async Chat Thread - #41/INFO]: [Not Secure] <ebner> a las cords esas?
[01:06:40] [Server thread/INFO]: pepe216 issued server command: /tp ebner 4400 125 -6400
[01:06:43] [Server thread/INFO]: [pepe216: Teleported ebner to 4400.500000, 125.000000, -6399.500000]
[01:06:45] [Server thread/INFO]: ebner fell from a high place
[01:06:51] [Async Chat Thread - #40/INFO]: [Not Secure] <pepe216> lol
[01:06:53] [Async Chat Thread - #41/INFO]: [Not Secure] <ebner> de vuelta pero mas abajo ajajaja
[01:07:04] [Server thread/INFO]: pepe216 issued server command: /tp ebner 4400 80 -6400
[01:07:05] [Server thread/INFO]: [pepe216: Teleported ebner to 4400.500000, 80.000000, -6399.500000]
[01:07:10] [Async Chat Thread - #40/INFO]: [Not Secure] <ebner> estoy
[01:07:12] [Async Chat Thread - #41/INFO]: [Not Secure] <ebner> dormis?
[01:07:33] [Async Chat Thread - #40/INFO]: [Not Secure] <pepe216> ye
[01:11:53] [Async Chat Thread - #42/INFO]: [Not Secure] <ebner> me tp a vos?
[01:12:01] [Server thread/INFO]: pepe216 issued server command: /tp ebner pepe216
[01:12:01] [Server thread/INFO]: [pepe216: Teleported ebner to pepe216]
[01:12:04] [Async Chat Thread - #43/INFO]: [Not Secure] <ebner> gracias
[01:12:04] [Worker-Main-7/ERROR]: Caught exception in thread Thread[Worker-Main-7,5,main]
java.lang.OutOfMemoryError: Java heap space
	at it.unimi.dsi.fastutil.longs.Long2ObjectOpenHashMap.clone(Long2ObjectOpenHashMap.java:1332) ~[fastutil-8.5.9.jar:?]
	at net.minecraft.world.level.lighting.LightEngineStorageBlock$a.a(SourceFile:36) ~[spigot-1.20.1-R0.1-SNAPSHOT.jar:3871-Spigot-d2eba2c-3f9263b]
	at net.minecraft.world.level.lighting.LightEngineStorageBlock$a.b(SourceFile:29) ~[spigot-1.20.1-R0.1-SNAPSHOT.jar:3871-Spigot-d2eba2c-3f9263b]
	at net.minecraft.world.level.lighting.LightEngineStorage.b(SourceFile:287) ~[spigot-1.20.1-R0.1-SNAPSHOT.jar:3871-Spigot-d2eba2c-3f9263b]
	at net.minecraft.world.level.lighting.LightEngine.a(SourceFile:180) ~[spigot-1.20.1-R0.1-SNAPSHOT.jar:3871-Spigot-d2eba2c-3f9263b]
	at net.minecraft.world.level.lighting.LevelLightEngine.a(SourceFile:53) ~[spigot-1.20.1-R0.1-SNAPSHOT.jar:3871-Spigot-d2eba2c-3f9263b]
	at net.minecraft.server.level.LightEngineThreaded.f(SourceFile:187) ~[spigot-1.20.1-R0.1-SNAPSHOT.jar:3871-Spigot-d2eba2c-3f9263b]
	at net.minecraft.server.level.LightEngineThreaded.g(SourceFile:166) ~[spigot-1.20.1-R0.1-SNAPSHOT.jar:3871-Spigot-d2eba2c-3f9263b]
	at net.minecraft.server.level.LightEngineThreaded$$Lambda$4896/0x00007f16b8b3bb18.run(Unknown Source) ~[?:?]
	at net.minecraft.util.thread.ThreadedMailbox.h(SourceFile:91) ~[spigot-1.20.1-R0.1-SNAPSHOT.jar:3871-Spigot-d2eba2c-3f9263b]
	at net.minecraft.util.thread.ThreadedMailbox.a(SourceFile:146) ~[spigot-1.20.1-R0.1-SNAPSHOT.jar:3871-Spigot-d2eba2c-3f9263b]
	at net.minecraft.util.thread.ThreadedMailbox.run(SourceFile:102) ~[spigot-1.20.1-R0.1-SNAPSHOT.jar:3871-Spigot-d2eba2c-3f9263b]
	at java.util.concurrent.ForkJoinTask$RunnableExecuteAction.exec(Unknown Source) ~[?:?]
	at java.util.concurrent.ForkJoinTask.doExec(Unknown Source) ~[?:?]
	at java.util.concurrent.ForkJoinPool$WorkQueue.topLevelExec(Unknown Source) ~[?:?]
	at java.util.concurrent.ForkJoinPool.scan(Unknown Source) ~[?:?]
	at java.util.concurrent.ForkJoinPool.runWorker(Unknown Source) ~[?:?]
	at java.util.concurrent.ForkJoinWorkerThread.run(Unknown Source) ~[?:?]
[01:12:07] [Server thread/WARN]: Can't keep up! Is the server overloaded? Running 5118ms or 102 ticks behind
[01:12:17] [Async Chat Thread - #42/INFO]: [Not Secure] <pepe216> un placer
[01:13:09] [Async Chat Thread - #43/INFO]: [Not Secure] <pepe216> master
[01:13:12] [Async Chat Thread - #42/INFO]: [Not Secure] <ebner> decime
[01:13:12] [Async Chat Thread - #42/INFO]: [Not Secure] <pepe216> me voy a comer
[01:13:14] [Async Chat Thread - #43/INFO]: [Not Secure] <ebner> nasi
[01:13:15] [Async Chat Thread - #43/INFO]: [Not Secure] <ebner> suerte
[01:13:21] [Async Chat Thread - #42/INFO]: [Not Secure] <pepe216> desp no se si me meto o no
[01:13:24] [Async Chat Thread - #43/INFO]: [Not Secure] <pepe216> prob no
[01:13:33] [Async Chat Thread - #42/INFO]: [Not Secure] <ebner> oka
[01:13:35] [Async Chat Thread - #43/INFO]: [Not Secure] <pepe216> pero ma単ana se
[01:13:58] [Server thread/INFO]: pepe216 lost connection: Disconnected
[01:13:58] [Server thread/INFO]: pepe216 left the game
[01:37:18] [User Authenticator #3/INFO]: UUID of player pepe216 is 834b23fb-6414-374c-bd5a-e1a7c304a6a0
[01:37:18] [Server thread/INFO]: pepe216 joined the game
[01:37:18] [Server thread/INFO]: pepe216[/172.19.0.1:58062] logged in with entity id 47829 at ([world]1897.191352855498, 110.0, -1283.8927393759934)
[01:37:29] [Async Chat Thread - #44/INFO]: [Not Secure] <pepe216> hola manola
[01:37:35] [Async Chat Thread - #45/INFO]: [Not Secure] <ebner> hola man
[01:40:46] [Server thread/INFO]: ebner fell from a high place
[01:40:49] [Async Chat Thread - #47/INFO]: [Not Secure] <pepe216> f
[01:40:52] [Async Chat Thread - #46/INFO]: [Not Secure] <pepe216> donde
[01:42:56] [Async Chat Thread - #48/INFO]: [Not Secure] <pepe216> conseguiste tus cosas?
[01:42:58] [Async Chat Thread - #49/INFO]: [Not Secure] <ebner> sisi
[01:43:00] [Async Chat Thread - #48/INFO]: [Not Secure] <ebner> tranca
[01:43:09] [Async Chat Thread - #49/INFO]: [Not Secure] <pepe216> oki
[01:44:08] [Async Chat Thread - #48/INFO]: [Not Secure] <ebner> bueno
[01:44:11] [Async Chat Thread - #49/INFO]: [Not Secure] <ebner> me voy a comer
[01:44:16] [Async Chat Thread - #48/INFO]: [Not Secure] <ebner> dejo el sv andando
[01:44:17] [Async Chat Thread - #48/INFO]: [Not Secure] <pepe216> yo a minar
[01:44:19] [Async Chat Thread - #49/INFO]: [Not Secure] <ebner> oka
[01:44:20] [Async Chat Thread - #48/INFO]: [Not Secure] <pepe216> oki
[01:44:20] [Async Chat Thread - #49/INFO]: [Not Secure] <ebner> suerte
[01:44:23] [Async Chat Thread - #48/INFO]: [Not Secure] <pepe216> same
[01:44:31] [Server thread/INFO]: ebner lost connection: Disconnected
[01:44:31] [Server thread/INFO]: ebner left the game
[01:49:43] [Server thread/WARN]: pepe216 moved too quickly! -11.044226818075458,-8.921599998474122,-1.2199429775753288
[02:10:33] [Server thread/WARN]: pepe216 moved too quickly! 4.000816350820287,-4.404223211207764,9.845512434995044
[02:31:11] [User Authenticator #4/INFO]: UUID of player ebner is 214e86b8-4ad6-3f36-9172-cc7525d637e2
[02:31:11] [Server thread/INFO]: ebner joined the game
[02:31:11] [Server thread/INFO]: ebner[/172.19.0.1:58310] logged in with entity id 59947 at ([world]1970.4635729968763, 89.0, -1336.8182533476488)
[02:31:51] [Async Chat Thread - #50/INFO]: [Not Secure] <ebner> hola
[02:32:02] [Async Chat Thread - #51/INFO]: [Not Secure] <pepe216> holi
[02:32:13] [Async Chat Thread - #50/INFO]: [Not Secure] <pepe216> toy haciendo un elevador/descendedor de agua
[02:32:28] [Async Chat Thread - #51/INFO]: [Not Secure] <pepe216> con soulssand/magmablock
[02:32:59] [Async Chat Thread - #50/INFO]: [Not Secure] <ebner> oka
[02:36:26] [Server thread/WARN]: pepe216 moved too quickly! 0.0,10.44500019043683,0.0
[02:36:30] [Server thread/INFO]: ebner fell from a high place
[02:36:42] [Async Chat Thread - #52/INFO]: [Not Secure] <pepe216> f
[02:37:29] [Async Chat Thread - #53/INFO]: [Not Secure] <pepe216> mira
[02:37:38] [Async Chat Thread - #52/INFO]: [Not Secure] <ebner> q
[02:38:11] [Async Chat Thread - #53/INFO]: [Not Secure] <ebner> hasta donde va cukea
[02:38:24] [Async Chat Thread - #52/INFO]: [Not Secure] <ebner> abuso
[02:38:27] [Async Chat Thread - #53/INFO]: [Not Secure] <pepe216> por ahora hasta 0
[02:38:37] [Async Chat Thread - #52/INFO]: [Not Secure] <pepe216> 5 en realidad
[02:39:00] [Async Chat Thread - #53/INFO]: [Not Secure] <pepe216> tengo la intencion de llegar a -64
[02:39:09] [Async Chat Thread - #52/INFO]: [Not Secure] <pepe216> (otro dia)
[02:49:00] [Async Chat Thread - #54/INFO]: [Not Secure] <pepe216> se単or
[02:49:06] [Async Chat Thread - #55/INFO]: [Not Secure] <pepe216> hasta ma単ana xd
[02:49:20] [Server thread/INFO]: pepe216 lost connection: Disconnected
[02:49:20] [Server thread/INFO]: pepe216 left the game
[02:49:24] [Async Chat Thread - #54/INFO]: [Not Secure] <ebner> adios
[02:58:01] [Server thread/INFO]: ebner fell from a high place
[03:52:44] [Server thread/INFO]: Villager EntityVillager['Villager'/66793, l='ServerLevel[world]', x=1948.32, y=85.90, z=-1313.52] died, message: 'Villager was slain by Zombie'
[03:52:52] [Server thread/INFO]: Villager EntityVillager['Villager'/66796, l='ServerLevel[world]', x=1950.46, y=85.90, z=-1312.55] died, message: 'Villager was slain by Zombie'
[03:59:41] [Server thread/INFO]: ebner fell from a high place
[04:01:03] [Server thread/INFO]: ebner lost connection: Disconnected
[04:01:03] [Server thread/INFO]: ebner left the game
[04:01:11] [RCON Listener #1/INFO]: Thread RCON Client /127.0.0.1 started
[04:01:11] [Server thread/INFO]: [Rcon: Stopping the server]
[04:01:11] [RCON Client /127.0.0.1 #2/INFO]: Thread RCON Client /127.0.0.1 shutting down
[04:01:11] [Server thread/INFO]: Stopping server
[04:01:11] [Server thread/INFO]: [TreeFeller] Disabling TreeFeller v1.22.2
[04:01:11] [Server thread/INFO]: [TreeFeller] TreeFeller has been disabled! (Version 1.22.2) by ThizThizzyDizzy
[04:01:11] [Server thread/INFO]: Saving players
[04:01:11] [Server thread/INFO]: Saving worlds
[04:01:12] [Server thread/INFO]: Saving chunks for level 'ServerLevel[world]'/minecraft:overworld
[04:01:12] [Server thread/INFO]: Saving chunks for level 'ServerLevel[world_nether]'/minecraft:the_nether
[04:01:12] [Server thread/INFO]: Saving chunks for level 'ServerLevel[world_the_end]'/minecraft:the_end
[04:01:13] [Server thread/INFO]: ThreadedAnvilChunkStorage (world): All chunks are saved
[04:01:13] [Server thread/INFO]: ThreadedAnvilChunkStorage (DIM-1): All chunks are saved
[04:01:13] [Server thread/INFO]: ThreadedAnvilChunkStorage (DIM1): All chunks are saved
[04:01:13] [Server thread/INFO]: ThreadedAnvilChunkStorage: All dimensions are saved
[04:01:13] [Server thread/INFO]: Thread RCON Listener stopped
